2024-03-29 10:12:57.549 - DBeaver 23.3.5.202402181738 is starting
2024-03-29 10:12:57.550 - OS: Windows 10 10.0 (amd64)
2024-03-29 10:12:57.550 - Java version: 17.0.6 by Eclipse Adoptium (64bit)
2024-03-29 10:12:57.550 - Install path: 'D:\0900_gb_sjk\dbms\resource\dbeaver'
2024-03-29 10:12:57.551 - Instance path: 'file:/D:/0900_gb_sjk/dbms/workspace/'
2024-03-29 10:12:57.552 - Memory available 64Mb/1024Mb
2024-03-29 10:12:57.558 - Create display
2024-03-29 10:12:57.615 - Initialize desktop platform...
2024-03-29 10:12:57.685 - BounceCastle bundle found. Use JCE provider BC
> Start Core File Systems [org.eclipse.core.filesystem 1.10.200.v20231102-0934]
> Start Core Resource Management [org.eclipse.core.resources 3.20.0.v20231102-0934]
> Start 팀 지원 핵심 [org.eclipse.team.core 3.10.200.v20231106-1240]
> Start DBeaver UI Navigator [org.jkiss.dbeaver.ui.navigator 1.0.125.202402181738]
2024-03-29 10:12:57.902 - Initialize base platform...
2024-03-29 10:12:57.920 - Platform initialized (305ms)
> Start DBeaver UI Editors - Base [org.jkiss.dbeaver.ui.editors.base 1.0.125.202402181738]
2024-03-29 10:12:57.956 - Starting instance server at http://localhost:50419
2024-03-29 10:12:57.961 - Run workbench
> Start Eclipse e4 작업영역 SWT [org.eclipse.e4.ui.workbench.swt 0.17.200.v20231030-2045]
> Start Eclipse Application Services [org.eclipse.e4.core.services 2.4.200.v20231103-2012]
> Start Eclipse UI Application Services [org.eclipse.e4.ui.services 1.6.200.v20231030-2045]
> Start Eclipse e4 Progress View [org.eclipse.e4.ui.progress 0.4.200.v20231030-2045]
> Start Eclipse Bindings Support [org.eclipse.e4.ui.bindings 0.14.200.v20231030-2045]
> Start Eclipse e4 core commands [org.eclipse.e4.core.commands 1.1.200.v20231108-1058]
> Start EMF XML/XMI Persistence [org.eclipse.emf.ecore.xmi 2.36.0.v20231002-1156]
> Start Eclipse CSS SWT Theme Support [org.eclipse.e4.ui.css.swt.theme 0.14.200.v20230913-1724]
> Start Eclipse e4 작업영역 기능 추가 [org.eclipse.e4.ui.workbench.addons.swt 1.5.200.v20231106-1600]
> Start Eclipse e4 작업영역 SWT 렌더러 [org.eclipse.e4.ui.workbench.renderers.swt 0.16.200.v20231030-2045]
> Start Eclipse Dependency Injection Extensions [org.eclipse.e4.core.di.extensions 0.18.100.v20231103-2012]
> Start Eclipse CSS SWT Support [org.eclipse.e4.ui.css.swt 0.15.200.v20231025-0632]
> Start jna [com.sun.jna 5.13.0.v20230812-1000]
Warning: NLS unused message: BlockedJobsDialog_UserInterfaceTreeElement in: org.eclipse.ui.internal.progress.messages
2024-03-29 10:12:59.215 - Configure workbench window
> Start DBeaver SQL Model [org.jkiss.dbeaver.model.sql 1.0.115.202402181738]
2024-03-29 10:12:59.358 - Total database drivers: 112 (112)
> Start 도움말 시스템 코어 [org.eclipse.help 3.10.200.v20231106-1240]
2024-03-29 10:12:59.435 - Create actions
2024-03-29 10:12:59.442 - Disable Eclipse action set 'org.eclipse.ui.edit.text.actionSet.annotationNavigation'
2024-03-29 10:12:59.443 - Disable Eclipse action set 'org.eclipse.ui.WorkingSetActionSet'
2024-03-29 10:12:59.443 - Disable Eclipse action set 'org.eclipse.ui.actionSet.openFiles'
2024-03-29 10:12:59.726 - Initialize workbench window
2024-03-29 10:12:59.729 - Finish initialization
> Start 기본 문서 편집기 [org.eclipse.ui.editors 3.17.100.v20231106-1600]
> Start 텍스트 편집기 프레임워크 [org.eclipse.ui.workbench.texteditor 3.17.200.v20231106-1600]
> Start DBeaver UI Editors - Data [org.jkiss.dbeaver.ui.editors.data 1.0.125.202402181738]
Warning: NLS unused message: actions_navigator__objects in: org.jkiss.dbeaver.ui.editors.sql.internal.SQLEditorMessages
> Start DBeaver UI Editors - SQL [org.jkiss.dbeaver.ui.editors.sql 1.0.125.202402181738]
> Start DBeaver SQL Terminal [org.jkiss.dbeaver.ui.editors.sql.terminal 1.0.101.202402181738]
> Start 핵심 비교 지원 [org.eclipse.compare.core 3.8.300.v20231106-1240]
> Start 인터넷 연결 관리 사용자 인터페이스 [org.eclipse.ui.net 1.5.200.v20231106-1240]
> Start Internet Connection Management [org.eclipse.core.net 1.5.200.v20231106-1240]
> Start DBeaver Sample Database [org.jkiss.dbeaver.ext.sample.database 1.0.162.202402181738]
> Start DBeaver Tip of the day [org.jkiss.dbeaver.ext.ui.tipoftheday 1.0.131.202402181738]
> Start GEF Classic Draw2d [org.eclipse.draw2d 3.14.100.202311222042]
> Start GEF Classic GEF (MVC) [org.eclipse.gef 3.16.0.202311222042]
> Start DBeaver ERD UI [org.jkiss.dbeaver.erd.ui 3.0.85.202402181738]
> Start DBeaver ERD Model [org.jkiss.dbeaver.erd.model 1.0.85.202402181738]
> Start DBeaver JDBC Model [org.jkiss.dbeaver.model.jdbc 1.0.18.202402181738]
> Start DBeaver Oracle Model [org.jkiss.dbeaver.ext.oracle 2.1.210.202402181738]
> Start DBeaver UI Editors - Connections [org.jkiss.dbeaver.ui.editors.connection 1.0.116.202402181738]
> Start 콘솔 [org.eclipse.ui.console 3.13.100.v20230914-0751]
Warning: NLS unused message: InputStreamMonitor_label in: org.eclipse.debug.internal.core.DebugCoreMessages
Warning: NLS unused message: OutputStreamMonitor_label in: org.eclipse.debug.internal.core.DebugCoreMessages
> Start 디버그 핵심 [org.eclipse.debug.core 3.21.200.v20231021-1513]
2024-03-29 10:13:01.419 - Connect with 'localhost' (oracle_thin-18e7dbe2de1-3e59c67177ff5603)
2024-03-29 10:13:01.440 - Execution context opened (localhost; Main; 0)
> Start DBeaver SQL Language Semantic Model [org.jkiss.dbeaver.model.lsm 1.0.20.202402181738]
2024-03-29 10:13:02.055 - Execution context opened (localhost; Metadata; 1)
2024-03-29 10:13:02.128 - Connected (oracle_thin-18e7dbe2de1-3e59c67177ff5603, Oracle JDBC driver [23.2.0.0.0])
2024-03-29 10:13:02.132 - Execution context opened (localhost; SQLEditor <Script.sql>; 2)
2024-03-29 10:13:03.783 - Open [https://dbeaver.io/product/version.xml]
> Start DBeaver Tasks - Native Tools UI [org.jkiss.dbeaver.tasks.native.ui 1.0.103.202402181738]
> Start DBeaver Oracle UI [org.jkiss.dbeaver.ext.oracle.ui 1.0.112.202402181738]
> Start DBeaver Tasks - General UI [org.jkiss.dbeaver.tasks.ui 1.0.103.202402181738]
2024-03-29 10:22:58.421 - SQL Error [904] [42000]: ORA-00904: "AAA": invalid identifier


Error position: line: 42 pos: 29
org.jkiss.dbeaver.model.sql.DBSQLException: SQL Error [904] [42000]: ORA-00904: "AAA": invalid identifier

	at org.jkiss.dbeaver.model.impl.jdbc.exec.JDBCStatementImpl.executeStatement(JDBCStatementImpl.java:133)
	at org.jkiss.dbeaver.ui.editors.sql.execute.SQLQueryJob.executeStatement(SQLQueryJob.java:601)
	at org.jkiss.dbeaver.ui.editors.sql.execute.SQLQueryJob.lambda$2(SQLQueryJob.java:504)
	at org.jkiss.dbeaver.ui.editors.sql.execute.SQLQueryJob.executeSingleQuery(SQLQueryJob.java:514)
	at org.jkiss.dbeaver.ui.editors.sql.execute.SQLQueryJob.extractData(SQLQueryJob.java:963)
	at org.jkiss.dbeaver.ui.editors.sql.SQLEditor$QueryResultsContainer.readData(SQLEditor.java:4134)
	at org.jkiss.dbeaver.ui.controls.resultset.ResultSetJobDataRead.lambda$0(ResultSetJobDataRead.java:123)
	at org.jkiss.dbeaver.model.exec.DBExecUtils.tryExecuteRecover(DBExecUtils.java:190)
	at org.jkiss.dbeaver.ui.controls.resultset.ResultSetJobDataRead.run(ResultSetJobDataRead.java:121)
	at org.jkiss.dbeaver.ui.controls.resultset.ResultSetViewer$ResultSetDataPumpJob.run(ResultSetViewer.java:5148)
	at org.jkiss.dbeaver.model.runtime.AbstractJob.run(AbstractJob.java:114)
	at org.eclipse.core.internal.jobs.Worker.run(Worker.java:63)
Caused by: java.sql.SQLSyntaxErrorException: ORA-00904: "AAA": invalid identifier

	at oracle.jdbc.driver.T4CTTIoer11.processError(T4CTTIoer11.java:702)
	at oracle.jdbc.driver.T4CTTIoer11.processError(T4CTTIoer11.java:608)
	at oracle.jdbc.driver.T4C8Oall.processError(T4C8Oall.java:1335)
	at oracle.jdbc.driver.T4CTTIfun.receive(T4CTTIfun.java:1041)
	at oracle.jdbc.driver.T4CTTIfun.doRPC(T4CTTIfun.java:443)
	at oracle.jdbc.driver.T4C8Oall.doOALL(T4C8Oall.java:533)
	at oracle.jdbc.driver.T4CStatement.doOall8(T4CStatement.java:176)
	at oracle.jdbc.driver.T4CStatement.executeForRows(T4CStatement.java:1305)
	at oracle.jdbc.driver.OracleStatement.executeSQLStatement(OracleStatement.java:1877)
	at oracle.jdbc.driver.OracleStatement.doExecuteWithTimeout(OracleStatement.java:1520)
	at oracle.jdbc.driver.OracleStatement.executeInternal(OracleStatement.java:2557)
	at oracle.jdbc.driver.OracleStatement.execute(OracleStatement.java:2506)
	at oracle.jdbc.driver.OracleStatementWrapper.execute(OracleStatementWrapper.java:334)
	at org.jkiss.dbeaver.model.impl.jdbc.exec.JDBCStatementImpl.execute(JDBCStatementImpl.java:330)
	at org.jkiss.dbeaver.model.impl.jdbc.exec.JDBCStatementImpl.executeStatement(JDBCStatementImpl.java:131)
	... 11 more
Caused by: Error : 904, Position : 29, SQL = UPDATE TBL_MEMBER 
SET NAME=aaa
WHERE MEMBER_ID =1, Original SQL = UPDATE TBL_MEMBER 
SET NAME=aaa
WHERE MEMBER_ID =1, Error Message = ORA-00904: "AAA": invalid identifier

	at oracle.jdbc.driver.T4CTTIoer11.processError(T4CTTIoer11.java:710)
	... 25 more
> Start DBeaver Data Transfer [org.jkiss.dbeaver.data.transfer 2.0.109.202402181738]
2024-03-29 11:30:34.520 - Execution context closed (localhost, 0)
2024-03-29 11:30:34.532 - Execution context closed (localhost, 1)
2024-03-29 11:30:34.543 - Execution context closed (localhost, 2)
2024-03-29 11:30:34.543 - Disconnected (oracle_thin-18e7dbe2de1-3e59c67177ff5603)
